build/app/intermediates/manifest_merge_blame_file/debug/manifest-merger-blame-debug-report.txt
1<?xml version="1.0" encoding="utf-8"?>
2<manifest xmlns:android="http://schemas.android.com/apk/res/android"
3    package="com.tahir.store_manager"
4    android:versionCode="1"
5    android:versionName="1.0.0" >
6
7    <uses-sdk
8        android:minSdkVersion="16"
9        android:targetSdkVersion="29" />
10    <!--
11         Flutter needs it to communicate with the running application
12         to allow setting breakpoints, to provide hot reload, etc.
13    -->
14    <uses-permission android:name="android.permission.INTERNET" />
14-->src\debug\AndroidManifest.xml:6:5-66
14-->src\debug\AndroidManifest.xml:6:22-64
15    <uses-permission android:name="android.permission.CAMERA" />
15-->src\main\AndroidManifest.xml:4:3-62
15-->src\main\AndroidManifest.xml:4:20-60
16    <uses-permission android:name="android.permission.ACCESS_NETWORK_STATE" />
16-->[com.google.firebase:firebase-auth:20.0.1] AndroidManifest.xml:24:5-79
16-->[com.google.firebase:firebase-auth:20.0.1] AndroidManifest.xml:24:22-76
17    <uses-permission android:name="android.permission.WAKE_LOCK" />
17-->[com.google.android.gms:play-services-measurement-api:18.0.0] AndroidManifest.xml:24:5-68
17-->[com.google.android.gms:play-services-measurement-api:18.0.0] AndroidManifest.xml:24:22-65
18    <uses-permission android:name="com.google.android.finsky.permission.BIND_GET_INSTALL_REFERRER_SERVICE" />
18-->[com.google.android.gms:play-services-measurement:18.0.0] AndroidManifest.xml:26:5-110
18-->[com.google.android.gms:play-services-measurement:18.0.0] AndroidManifest.xml:26:22-107
19    <uses-permission android:name="android.permission.RECEIVE_BOOT_COMPLETED" />
19-->[androidx.work:work-runtime:2.4.0] AndroidManifest.xml:27:5-81
19-->[androidx.work:work-runtime:2.4.0] AndroidManifest.xml:27:22-78
20    <uses-permission android:name="android.permission.FOREGROUND_SERVICE" />
20-->[androidx.work:work-runtime:2.4.0] AndroidManifest.xml:28:5-77
20-->[androidx.work:work-runtime:2.4.0] AndroidManifest.xml:28:22-74
21
22    <application
22-->src\main\AndroidManifest.xml:5:4-42:19
23        android:name="androidx.multidex.MultiDexApplication"
24        android:appComponentFactory="androidx.core.app.CoreComponentFactory"
24-->[androidx.core:core:1.3.1] AndroidManifest.xml:24:18-86
25        android:debuggable="true"
26        android:icon="@mipmap/ic_launcher"
26-->src\main\AndroidManifest.xml:7:9-43
27        android:label="store_manager" >
27-->src\main\AndroidManifest.xml:6:9-38
28        <activity
28-->src\main\AndroidManifest.xml:8:9-36:20
29            android:name="com.example.store_manager.MainActivity"
29-->src\main\AndroidManifest.xml:9:13-41
30            android:configChanges="orientation|keyboardHidden|keyboard|screenSize|smallestScreenSize|locale|layoutDirection|fontScale|screenLayout|density|uiMode"
30-->src\main\AndroidManifest.xml:12:13-163
31            android:hardwareAccelerated="true"
31-->src\main\AndroidManifest.xml:13:13-47
32            android:launchMode="singleTop"
32-->src\main\AndroidManifest.xml:10:13-43
33            android:theme="@style/LaunchTheme"
33-->src\main\AndroidManifest.xml:11:13-47
34            android:windowSoftInputMode="adjustResize" >
34-->src\main\AndroidManifest.xml:14:13-55
35
36            <!--
37                 Specifies an Android theme to apply to this Activity as soon as
38                 the Android process has started. This theme is visible to the user
39                 while the Flutter UI initializes. After that, this theme continues
40                 to determine the Window background behind the Flutter UI.
41            -->
42            <meta-data
42-->src\main\AndroidManifest.xml:19:13-22:17
43                android:name="io.flutter.embedding.android.NormalTheme"
43-->src\main\AndroidManifest.xml:20:15-70
44                android:resource="@style/NormalTheme" />
44-->src\main\AndroidManifest.xml:21:15-52
45            <!--
46                 Displays an Android View that continues showing the launch screen
47                 Drawable until Flutter paints its first frame, then this splash
48                 screen fades out. A splash screen is useful to avoid any visual
49                 gap between the end of Android's launch screen and the painting of
50                 Flutter's first frame.
51            -->
52            <meta-data
52-->src\main\AndroidManifest.xml:28:13-31:17
53                android:name="io.flutter.embedding.android.SplashScreenDrawable"
53-->src\main\AndroidManifest.xml:29:15-79
54                android:resource="@drawable/launch_background" />
54-->src\main\AndroidManifest.xml:30:15-61
55
56            <intent-filter>
56-->src\main\AndroidManifest.xml:32:13-35:29
57                <action android:name="android.intent.action.MAIN" />
57-->src\main\AndroidManifest.xml:33:17-68
57-->src\main\AndroidManifest.xml:33:25-66
58
59                <category android:name="android.intent.category.LAUNCHER" />
59-->src\main\AndroidManifest.xml:34:17-76
59-->src\main\AndroidManifest.xml:34:27-74
60            </intent-filter>
61        </activity>
62        <!--
63             Don't delete the meta-data below.
64             This is used by the Flutter tool to generate GeneratedPluginRegistrant.java
65        -->
66        <meta-data
66-->src\main\AndroidManifest.xml:39:9-41:33
67            android:name="flutterEmbedding"
67-->src\main\AndroidManifest.xml:40:13-44
68            android:value="2" />
68-->src\main\AndroidManifest.xml:41:13-30
69
70        <service
70-->[:firebase_auth] AndroidManifest.xml:8:9-12:19
71            android:name="com.google.firebase.components.ComponentDiscoveryService"
71-->[:firebase_auth] AndroidManifest.xml:8:18-89
72            android:directBootAware="true"
72-->[com.google.firebase:firebase-common:19.5.0] AndroidManifest.xml:35:13-43
73            android:exported="false" >
73-->[com.google.firebase:firebase-auth:20.0.1] AndroidManifest.xml:76:13-37
74            <meta-data
74-->[:firebase_auth] AndroidManifest.xml:9:13-11:85
75                android:name="com.google.firebase.components:io.flutter.plugins.firebase.auth.FlutterFirebaseAuthRegistrar"
75-->[:firebase_auth] AndroidManifest.xml:10:17-124
76                android:value="com.google.firebase.components.ComponentRegistrar" />
76-->[:firebase_auth] AndroidManifest.xml:11:17-82
77            <meta-data
77-->[:cloud_firestore] AndroidManifest.xml:9:13-11:85
78                android:name="com.google.firebase.components:io.flutter.plugins.firebase.firestore.FlutterFirebaseFirestoreRegistrar"
78-->[:cloud_firestore] AndroidManifest.xml:10:17-134
79                android:value="com.google.firebase.components.ComponentRegistrar" />
79-->[:cloud_firestore] AndroidManifest.xml:11:17-82
80            <meta-data
80-->[:firebase_core] AndroidManifest.xml:9:13-11:85
81                android:name="com.google.firebase.components:io.flutter.plugins.firebase.core.FlutterFirebaseCoreRegistrar"
81-->[:firebase_core] AndroidManifest.xml:10:17-124
82                android:value="com.google.firebase.components.ComponentRegistrar" />
82-->[:firebase_core] AndroidManifest.xml:11:17-82
83            <meta-data
83-->[com.google.firebase:firebase-auth:20.0.1] AndroidManifest.xml:77:13-79:85
84                android:name="com.google.firebase.components:com.google.firebase.auth.FirebaseAuthRegistrar"
84-->[com.google.firebase:firebase-auth:20.0.1] AndroidManifest.xml:78:17-109
85                android:value="com.google.firebase.components.ComponentRegistrar" />
85-->[com.google.firebase:firebase-auth:20.0.1] AndroidManifest.xml:79:17-82
86            <meta-data
86-->[com.google.firebase:firebase-firestore:22.0.1] AndroidManifest.xml:20:13-22:85
87                android:name="com.google.firebase.components:com.google.firebase.firestore.FirestoreRegistrar"
87-->[com.google.firebase:firebase-firestore:22.0.1] AndroidManifest.xml:21:17-111
88                android:value="com.google.firebase.components.ComponentRegistrar" />
88-->[com.google.firebase:firebase-firestore:22.0.1] AndroidManifest.xml:22:17-82
89            <meta-data
89-->[com.google.android.gms:play-services-measurement-api:18.0.0] AndroidManifest.xml:30:13-32:85
90                android:name="com.google.firebase.components:com.google.firebase.analytics.connector.internal.AnalyticsConnectorRegistrar"
90-->[com.google.android.gms:play-services-measurement-api:18.0.0] AndroidManifest.xml:31:17-139
91                android:value="com.google.firebase.components.ComponentRegistrar" />
91-->[com.google.android.gms:play-services-measurement-api:18.0.0] AndroidManifest.xml:32:17-82
92            <meta-data
92-->[com.google.firebase:firebase-installations:16.3.5] AndroidManifest.xml:18:13-20:85
93                android:name="com.google.firebase.components:com.google.firebase.installations.FirebaseInstallationsRegistrar"
93-->[com.google.firebase:firebase-installations:16.3.5] AndroidManifest.xml:19:17-127
94                android:value="com.google.firebase.components.ComponentRegistrar" />
94-->[com.google.firebase:firebase-installations:16.3.5] AndroidManifest.xml:20:17-82
95            <!--
96                This registrar is not defined in the dynamic-module-support sdk itself to allow non-firebase
97                clients to use it as well, by defining this registrar in their own core/common library.
98            -->
99            <meta-data
99-->[com.google.firebase:firebase-common:19.5.0] AndroidManifest.xml:43:13-45:85
100                android:name="com.google.firebase.components:com.google.firebase.dynamicloading.DynamicLoadingRegistrar"
100-->[com.google.firebase:firebase-common:19.5.0] AndroidManifest.xml:44:17-121
101                android:value="com.google.firebase.components.ComponentRegistrar" />
101-->[com.google.firebase:firebase-common:19.5.0] AndroidManifest.xml:45:17-82
102        </service>
103
104        <provider
104-->[:printing] AndroidManifest.xml:8:9-16:20
105            android:name="net.nfet.flutter.printing.PrintFileProvider"
105-->[:printing] AndroidManifest.xml:9:13-71
106            android:authorities="com.tahir.store_manager.flutter.printing"
106-->[:printing] AndroidManifest.xml:10:13-68
107            android:exported="false"
107-->[:printing] AndroidManifest.xml:11:13-37
108            android:grantUriPermissions="true" >
108-->[:printing] AndroidManifest.xml:12:13-47
109            <meta-data
109-->[:printing] AndroidManifest.xml:13:13-15:71
110                android:name="android.support.FILE_PROVIDER_PATHS"
110-->[:printing] AndroidManifest.xml:14:17-67
111                android:resource="@xml/flutter_printing_file_paths" />
111-->[:printing] AndroidManifest.xml:15:17-68
112        </provider>
113
114        <activity
114-->[com.google.firebase:firebase-auth:20.0.1] AndroidManifest.xml:27:9-44:20
115            android:name="com.google.firebase.auth.internal.GenericIdpActivity"
115-->[com.google.firebase:firebase-auth:20.0.1] AndroidManifest.xml:28:13-80
116            android:excludeFromRecents="true"
116-->[com.google.firebase:firebase-auth:20.0.1] AndroidManifest.xml:29:13-46
117            android:exported="true"
117-->[com.google.firebase:firebase-auth:20.0.1] AndroidManifest.xml:30:13-36
118            android:launchMode="singleTask"
118-->[com.google.firebase:firebase-auth:20.0.1] AndroidManifest.xml:31:13-44
119            android:theme="@android:style/Theme.Translucent.NoTitleBar" >
119-->[com.google.firebase:firebase-auth:20.0.1] AndroidManifest.xml:32:13-72
120            <intent-filter>
120-->[com.google.firebase:firebase-auth:20.0.1] AndroidManifest.xml:33:13-43:29
121                <action android:name="android.intent.action.VIEW" />
121-->[com.google.firebase:firebase-auth:20.0.1] AndroidManifest.xml:34:17-69
121-->[com.google.firebase:firebase-auth:20.0.1] AndroidManifest.xml:34:25-66
122
123                <category android:name="android.intent.category.DEFAULT" />
123-->[com.google.firebase:firebase-auth:20.0.1] AndroidManifest.xml:36:17-76
123-->[com.google.firebase:firebase-auth:20.0.1] AndroidManifest.xml:36:27-73
124                <category android:name="android.intent.category.BROWSABLE" />
124-->[com.google.firebase:firebase-auth:20.0.1] AndroidManifest.xml:37:17-78
124-->[com.google.firebase:firebase-auth:20.0.1] AndroidManifest.xml:37:27-75
125
126                <data
126-->[com.google.firebase:firebase-auth:20.0.1] AndroidManifest.xml:39:17-42:51
127                    android:host="firebase.auth"
127-->[com.google.firebase:firebase-auth:20.0.1] AndroidManifest.xml:40:21-49
128                    android:path="/"
128-->[com.google.firebase:firebase-auth:20.0.1] AndroidManifest.xml:41:21-37
129                    android:scheme="genericidp" />
129-->[com.google.firebase:firebase-auth:20.0.1] AndroidManifest.xml:42:21-48
130            </intent-filter>
131        </activity>
132        <activity
132-->[com.google.firebase:firebase-auth:20.0.1] AndroidManifest.xml:45:9-62:20
133            android:name="com.google.firebase.auth.internal.RecaptchaActivity"
133-->[com.google.firebase:firebase-auth:20.0.1] AndroidManifest.xml:46:13-79
134            android:excludeFromRecents="true"
134-->[com.google.firebase:firebase-auth:20.0.1] AndroidManifest.xml:47:13-46
135            android:exported="true"
135-->[com.google.firebase:firebase-auth:20.0.1] AndroidManifest.xml:48:13-36
136            android:launchMode="singleTask"
136-->[com.google.firebase:firebase-auth:20.0.1] AndroidManifest.xml:49:13-44
137            android:theme="@android:style/Theme.Translucent.NoTitleBar" >
137-->[com.google.firebase:firebase-auth:20.0.1] AndroidManifest.xml:50:13-72
138            <intent-filter>
138-->[com.google.firebase:firebase-auth:20.0.1] AndroidManifest.xml:51:13-61:29
139                <action android:name="android.intent.action.VIEW" />
139-->[com.google.firebase:firebase-auth:20.0.1] AndroidManifest.xml:34:17-69
139-->[com.google.firebase:firebase-auth:20.0.1] AndroidManifest.xml:34:25-66
140
141                <category android:name="android.intent.category.DEFAULT" />
141-->[com.google.firebase:firebase-auth:20.0.1] AndroidManifest.xml:36:17-76
141-->[com.google.firebase:firebase-auth:20.0.1] AndroidManifest.xml:36:27-73
142                <category android:name="android.intent.category.BROWSABLE" />
142-->[com.google.firebase:firebase-auth:20.0.1] AndroidManifest.xml:37:17-78
142-->[com.google.firebase:firebase-auth:20.0.1] AndroidManifest.xml:37:27-75
143
144                <data
144-->[com.google.firebase:firebase-auth:20.0.1] AndroidManifest.xml:39:17-42:51
145                    android:host="firebase.auth"
145-->[com.google.firebase:firebase-auth:20.0.1] AndroidManifest.xml:40:21-49
146                    android:path="/"
146-->[com.google.firebase:firebase-auth:20.0.1] AndroidManifest.xml:41:21-37
147                    android:scheme="recaptcha" />
147-->[com.google.firebase:firebase-auth:20.0.1] AndroidManifest.xml:42:21-48
148            </intent-filter>
149        </activity>
150
151        <service
151-->[com.google.firebase:firebase-auth:20.0.1] AndroidManifest.xml:64:9-73:19
152            android:name="com.google.firebase.auth.api.fallback.service.FirebaseAuthFallbackService"
152-->[com.google.firebase:firebase-auth:20.0.1] AndroidManifest.xml:65:13-101
153            android:enabled="true"
153-->[com.google.firebase:firebase-auth:20.0.1] AndroidManifest.xml:66:13-35
154            android:exported="false" >
154-->[com.google.firebase:firebase-auth:20.0.1] AndroidManifest.xml:67:13-37
155            <intent-filter>
155-->[com.google.firebase:firebase-auth:20.0.1] AndroidManifest.xml:68:13-72:29
156                <action android:name="com.google.firebase.auth.api.gms.service.START" />
156-->[com.google.firebase:firebase-auth:20.0.1] AndroidManifest.xml:69:17-89
156-->[com.google.firebase:firebase-auth:20.0.1] AndroidManifest.xml:69:25-86
157
158                <category android:name="android.intent.category.DEFAULT" />
158-->[com.google.firebase:firebase-auth:20.0.1] AndroidManifest.xml:36:17-76
158-->[com.google.firebase:firebase-auth:20.0.1] AndroidManifest.xml:36:27-73
159            </intent-filter>
160        </service>
161
162        <activity
162-->[com.google.android.gms:play-services-auth:16.0.1] AndroidManifest.xml:23:9-27:75
163            android:name="com.google.android.gms.auth.api.signin.internal.SignInHubActivity"
163-->[com.google.android.gms:play-services-auth:16.0.1] AndroidManifest.xml:24:13-93
164            android:excludeFromRecents="true"
164-->[com.google.android.gms:play-services-auth:16.0.1] AndroidManifest.xml:25:13-46
165            android:exported="false"
165-->[com.google.android.gms:play-services-auth:16.0.1] AndroidManifest.xml:26:13-37
166            android:theme="@android:style/Theme.Translucent.NoTitleBar" />
166-->[com.google.android.gms:play-services-auth:16.0.1] AndroidManifest.xml:27:13-72
167        <!--
168            Service handling Google Sign-In user revocation. For apps that do not integrate with
169            Google Sign-In, this service will never be started.
170        -->
171        <service
171-->[com.google.android.gms:play-services-auth:16.0.1] AndroidManifest.xml:33:9-36:110
172            android:name="com.google.android.gms.auth.api.signin.RevocationBoundService"
172-->[com.google.android.gms:play-services-auth:16.0.1] AndroidManifest.xml:34:13-89
173            android:exported="true"
173-->[com.google.android.gms:play-services-auth:16.0.1] AndroidManifest.xml:35:13-36
174            android:permission="com.google.android.gms.auth.api.signin.permission.REVOCATION_NOTIFICATION" />
174-->[com.google.android.gms:play-services-auth:16.0.1] AndroidManifest.xml:36:13-107
175
176        <activity
176-->[com.google.android.gms:play-services-base:17.1.0] AndroidManifest.xml:23:9-26:75
177            android:name="com.google.android.gms.common.api.GoogleApiActivity"
177-->[com.google.android.gms:play-services-base:17.1.0] AndroidManifest.xml:24:13-79
178            android:exported="false"
178-->[com.google.android.gms:play-services-base:17.1.0] AndroidManifest.xml:25:13-37
179            android:theme="@android:style/Theme.Translucent.NoTitleBar" />
179-->[com.google.android.gms:play-services-base:17.1.0] AndroidManifest.xml:26:13-72
180
181        <provider
181-->[com.google.firebase:firebase-common:19.5.0] AndroidManifest.xml:26:9-31:39
182            android:name="com.google.firebase.provider.FirebaseInitProvider"
182-->[com.google.firebase:firebase-common:19.5.0] AndroidManifest.xml:27:13-77
183            android:authorities="com.tahir.store_manager.firebaseinitprovider"
183-->[com.google.firebase:firebase-common:19.5.0] AndroidManifest.xml:28:13-72
184            android:directBootAware="true"
184-->[com.google.firebase:firebase-common:19.5.0] AndroidManifest.xml:29:13-43
185            android:exported="false"
185-->[com.google.firebase:firebase-common:19.5.0] AndroidManifest.xml:30:13-37
186            android:initOrder="100" />
186-->[com.google.firebase:firebase-common:19.5.0] AndroidManifest.xml:31:13-36
187
188        <receiver
188-->[com.google.android.gms:play-services-measurement:18.0.0] AndroidManifest.xml:29:9-33:20
189            android:name="com.google.android.gms.measurement.AppMeasurementReceiver"
189-->[com.google.android.gms:play-services-measurement:18.0.0] AndroidManifest.xml:30:13-85
190            android:enabled="true"
190-->[com.google.android.gms:play-services-measurement:18.0.0] AndroidManifest.xml:31:13-35
191            android:exported="false" >
191-->[com.google.android.gms:play-services-measurement:18.0.0] AndroidManifest.xml:32:13-37
192        </receiver>
193
194        <service
194-->[com.google.android.gms:play-services-measurement:18.0.0] AndroidManifest.xml:35:9-38:40
195            android:name="com.google.android.gms.measurement.AppMeasurementService"
195-->[com.google.android.gms:play-services-measurement:18.0.0] AndroidManifest.xml:36:13-84
196            android:enabled="true"
196-->[com.google.android.gms:play-services-measurement:18.0.0] AndroidManifest.xml:37:13-35
197            android:exported="false" />
197-->[com.google.android.gms:play-services-measurement:18.0.0] AndroidManifest.xml:38:13-37
198        <service
198-->[com.google.android.gms:play-services-measurement:18.0.0] AndroidManifest.xml:39:9-43:72
199            android:name="com.google.android.gms.measurement.AppMeasurementJobService"
199-->[com.google.android.gms:play-services-measurement:18.0.0] AndroidManifest.xml:40:13-87
200            android:enabled="true"
200-->[com.google.android.gms:play-services-measurement:18.0.0] AndroidManifest.xml:41:13-35
201            android:exported="false"
201-->[com.google.android.gms:play-services-measurement:18.0.0] AndroidManifest.xml:42:13-37
202            android:permission="android.permission.BIND_JOB_SERVICE" />
202-->[com.google.android.gms:play-services-measurement:18.0.0] AndroidManifest.xml:43:13-69
203
204        <meta-data
204-->[com.google.android.gms:play-services-basement:17.1.0] AndroidManifest.xml:23:9-25:69
205            android:name="com.google.android.gms.version"
205-->[com.google.android.gms:play-services-basement:17.1.0] AndroidManifest.xml:24:13-58
206            android:value="@integer/google_play_services_version" />
206-->[com.google.android.gms:play-services-basement:17.1.0] AndroidManifest.xml:25:13-66
207
208        <provider
208-->[androidx.work:work-runtime:2.4.0] AndroidManifest.xml:31:9-37:35
209            android:name="androidx.work.impl.WorkManagerInitializer"
209-->[androidx.work:work-runtime:2.4.0] AndroidManifest.xml:32:13-69
210            android:authorities="com.tahir.store_manager.workmanager-init"
210-->[androidx.work:work-runtime:2.4.0] AndroidManifest.xml:33:13-68
211            android:directBootAware="false"
211-->[androidx.work:work-runtime:2.4.0] AndroidManifest.xml:34:13-44
212            android:exported="false"
212-->[androidx.work:work-runtime:2.4.0] AndroidManifest.xml:35:13-37
213            android:multiprocess="true" />
213-->[androidx.work:work-runtime:2.4.0] AndroidManifest.xml:36:13-40
214
215        <service
215-->[androidx.work:work-runtime:2.4.0] AndroidManifest.xml:39:9-44:35
216            android:name="androidx.work.impl.background.systemalarm.SystemAlarmService"
216-->[androidx.work:work-runtime:2.4.0] AndroidManifest.xml:40:13-88
217            android:directBootAware="false"
217-->[androidx.work:work-runtime:2.4.0] AndroidManifest.xml:41:13-44
218            android:enabled="@bool/enable_system_alarm_service_default"
218-->[androidx.work:work-runtime:2.4.0] AndroidManifest.xml:42:13-72
219            android:exported="false" />
219-->[androidx.work:work-runtime:2.4.0] AndroidManifest.xml:43:13-37
220        <service
220-->[androidx.work:work-runtime:2.4.0] AndroidManifest.xml:45:9-51:35
221            android:name="androidx.work.impl.background.systemjob.SystemJobService"
221-->[androidx.work:work-runtime:2.4.0] AndroidManifest.xml:46:13-84
222            android:directBootAware="false"
222-->[androidx.work:work-runtime:2.4.0] AndroidManifest.xml:47:13-44
223            android:enabled="@bool/enable_system_job_service_default"
223-->[androidx.work:work-runtime:2.4.0] AndroidManifest.xml:48:13-70
224            android:exported="true"
224-->[androidx.work:work-runtime:2.4.0] AndroidManifest.xml:49:13-36
225            android:permission="android.permission.BIND_JOB_SERVICE" />
225-->[androidx.work:work-runtime:2.4.0] AndroidManifest.xml:50:13-69
226        <service
226-->[androidx.work:work-runtime:2.4.0] AndroidManifest.xml:52:9-57:35
227            android:name="androidx.work.impl.foreground.SystemForegroundService"
227-->[androidx.work:work-runtime:2.4.0] AndroidManifest.xml:53:13-81
228            android:directBootAware="false"
228-->[androidx.work:work-runtime:2.4.0] AndroidManifest.xml:54:13-44
229            android:enabled="@bool/enable_system_foreground_service_default"
229-->[androidx.work:work-runtime:2.4.0] AndroidManifest.xml:55:13-77
230            android:exported="false" />
230-->[androidx.work:work-runtime:2.4.0] AndroidManifest.xml:56:13-37
231
232        <receiver
232-->[androidx.work:work-runtime:2.4.0] AndroidManifest.xml:59:9-64:35
233            android:name="androidx.work.impl.utils.ForceStopRunnable$BroadcastReceiver"
233-->[androidx.work:work-runtime:2.4.0] AndroidManifest.xml:60:13-88
234            android:directBootAware="false"
234-->[androidx.work:work-runtime:2.4.0] AndroidManifest.xml:61:13-44
235            android:enabled="true"
235-->[androidx.work:work-runtime:2.4.0] AndroidManifest.xml:62:13-35
236            android:exported="false" />
236-->[androidx.work:work-runtime:2.4.0] AndroidManifest.xml:63:13-37
237        <receiver
237-->[androidx.work:work-runtime:2.4.0] AndroidManifest.xml:65:9-75:20
238            android:name="androidx.work.impl.background.systemalarm.ConstraintProxy$BatteryChargingProxy"
238-->[androidx.work:work-runtime:2.4.0] AndroidManifest.xml:66:13-106
239            android:directBootAware="false"
239-->[androidx.work:work-runtime:2.4.0] AndroidManifest.xml:67:13-44
240            android:enabled="false"
240-->[androidx.work:work-runtime:2.4.0] AndroidManifest.xml:68:13-36
241            android:exported="false" >
241-->[androidx.work:work-runtime:2.4.0] AndroidManifest.xml:69:13-37
242            <intent-filter>
242-->[androidx.work:work-runtime:2.4.0] AndroidManifest.xml:71:13-74:29
243                <action android:name="android.intent.action.ACTION_POWER_CONNECTED" />
243-->[androidx.work:work-runtime:2.4.0] AndroidManifest.xml:72:17-87
243-->[androidx.work:work-runtime:2.4.0] AndroidManifest.xml:72:25-84
244                <action android:name="android.intent.action.ACTION_POWER_DISCONNECTED" />
244-->[androidx.work:work-runtime:2.4.0] AndroidManifest.xml:73:17-90
244-->[androidx.work:work-runtime:2.4.0] AndroidManifest.xml:73:25-87
245            </intent-filter>
246        </receiver>
247        <receiver
247-->[androidx.work:work-runtime:2.4.0] AndroidManifest.xml:76:9-86:20
248            android:name="androidx.work.impl.background.systemalarm.ConstraintProxy$BatteryNotLowProxy"
248-->[androidx.work:work-runtime:2.4.0] AndroidManifest.xml:77:13-104
249            android:directBootAware="false"
249-->[androidx.work:work-runtime:2.4.0] AndroidManifest.xml:78:13-44
250            android:enabled="false"
250-->[androidx.work:work-runtime:2.4.0] AndroidManifest.xml:79:13-36
251            android:exported="false" >
251-->[androidx.work:work-runtime:2.4.0] AndroidManifest.xml:80:13-37
252            <intent-filter>
252-->[androidx.work:work-runtime:2.4.0] AndroidManifest.xml:82:13-85:29
253                <action android:name="android.intent.action.BATTERY_OKAY" />
253-->[androidx.work:work-runtime:2.4.0] AndroidManifest.xml:83:17-77
253-->[androidx.work:work-runtime:2.4.0] AndroidManifest.xml:83:25-74
254                <action android:name="android.intent.action.BATTERY_LOW" />
254-->[androidx.work:work-runtime:2.4.0] AndroidManifest.xml:84:17-76
254-->[androidx.work:work-runtime:2.4.0] AndroidManifest.xml:84:25-73
255            </intent-filter>
256        </receiver>
257        <receiver
257-->[androidx.work:work-runtime:2.4.0] AndroidManifest.xml:87:9-97:20
258            android:name="androidx.work.impl.background.systemalarm.ConstraintProxy$StorageNotLowProxy"
258-->[androidx.work:work-runtime:2.4.0] AndroidManifest.xml:88:13-104
259            android:directBootAware="false"
259-->[androidx.work:work-runtime:2.4.0] AndroidManifest.xml:89:13-44
260            android:enabled="false"
260-->[androidx.work:work-runtime:2.4.0] AndroidManifest.xml:90:13-36
261            android:exported="false" >
261-->[androidx.work:work-runtime:2.4.0] AndroidManifest.xml:91:13-37
262            <intent-filter>
262-->[androidx.work:work-runtime:2.4.0] AndroidManifest.xml:93:13-96:29
263                <action android:name="android.intent.action.DEVICE_STORAGE_LOW" />
263-->[androidx.work:work-runtime:2.4.0] AndroidManifest.xml:94:17-83
263-->[androidx.work:work-runtime:2.4.0] AndroidManifest.xml:94:25-80
264                <action android:name="android.intent.action.DEVICE_STORAGE_OK" />
264-->[androidx.work:work-runtime:2.4.0] AndroidManifest.xml:95:17-82
264-->[androidx.work:work-runtime:2.4.0] AndroidManifest.xml:95:25-79
265            </intent-filter>
266        </receiver>
267        <receiver
267-->[androidx.work:work-runtime:2.4.0] AndroidManifest.xml:98:9-107:20
268            android:name="androidx.work.impl.background.systemalarm.ConstraintProxy$NetworkStateProxy"
268-->[androidx.work:work-runtime:2.4.0] AndroidManifest.xml:99:13-103
269            android:directBootAware="false"
269-->[androidx.work:work-runtime:2.4.0] AndroidManifest.xml:100:13-44
270            android:enabled="false"
270-->[androidx.work:work-runtime:2.4.0] AndroidManifest.xml:101:13-36
271            android:exported="false" >
271-->[androidx.work:work-runtime:2.4.0] AndroidManifest.xml:102:13-37
272            <intent-filter>
272-->[androidx.work:work-runtime:2.4.0] AndroidManifest.xml:104:13-106:29
273                <action android:name="android.net.conn.CONNECTIVITY_CHANGE" />
273-->[androidx.work:work-runtime:2.4.0] AndroidManifest.xml:105:17-79
273-->[androidx.work:work-runtime:2.4.0] AndroidManifest.xml:105:25-76
274            </intent-filter>
275        </receiver>
276        <receiver
276-->[androidx.work:work-runtime:2.4.0] AndroidManifest.xml:108:9-119:20
277            android:name="androidx.work.impl.background.systemalarm.RescheduleReceiver"
277-->[androidx.work:work-runtime:2.4.0] AndroidManifest.xml:109:13-88
278            android:directBootAware="false"
278-->[androidx.work:work-runtime:2.4.0] AndroidManifest.xml:110:13-44
279            android:enabled="false"
279-->[androidx.work:work-runtime:2.4.0] AndroidManifest.xml:111:13-36
280            android:exported="false" >
280-->[androidx.work:work-runtime:2.4.0] AndroidManifest.xml:112:13-37